
2020-05-04 22-52-35::com.automatics.packages.library.Utils.RunScript
[AutomaticsAPI - postJSONToAPI()] - Exception : no protocol: null/addTestRun
Could Not start TestCase Reporting A JSONObject text must begin with '{' at 1 [character 2 line 1]

2020-05-04 22-52-35::com.automatics.packages.library.Android_Hybrid.set_AndroidPreference

2020-05-04 22-52-35::com.automatics.packages.library.Android_Hybrid.set_AndroidPreference

2020-05-04 22-52-35::com.automatics.packages.library.Android_Hybrid.set_AndroidPreference

2020-05-04 22-52-35::com.automatics.packages.library.Android_Hybrid.wait

2020-05-04 22-52-45::com.automatics.packages.library.Android_Hybrid.launchApp

2020-05-04 22-53-53::com.automatics.packages.library.Android_Hybrid.wait

2020-05-04 22-53-58::com.automatics.packages.library.Android_Hybrid.click

2020-05-04 22-54-00::com.automatics.packages.library.Android_Hybrid.wait

2020-05-04 22-54-10::com.automatics.packages.library.Android_Hybrid.type

2020-05-04 22-54-12::com.automatics.packages.library.Android_Hybrid.native_HideKeyboard

2020-05-04 22-54-12::com.automatics.packages.library.Android_Hybrid.wait

2020-05-04 22-54-17::com.automatics.packages.library.Android_Hybrid.click

2020-05-04 22-54-19::com.automatics.packages.library.Android_Hybrid.wait

2020-05-04 22-54-24::com.automatics.packages.library.Android_Hybrid.type

2020-05-04 22-55-00::com.automatics.packages.library.Android_Hybrid.native_HideKeyboard

2020-05-04 22-55-01::com.automatics.packages.library.Android_Hybrid.native_HideKeyboard

2020-05-04 22-55-01::com.automatics.packages.library.Android_Hybrid.wait

2020-05-04 22-55-31::com.automatics.packages.library.Android_Hybrid.click

2020-05-04 22-55-32::com.automatics.packages.library.Android_Hybrid.wait

2020-05-04 22-55-42::com.automatics.packages.library.Android_Hybrid.click

2020-05-04 22-55-53::com.automatics.packages.library.Android_Hybrid.wait

2020-05-04 22-56-10::com.automatics.packages.library.Android_Hybrid.wait

2020-05-04 22-56-26::com.automatics.packages.library.Android_Hybrid.wait

2020-05-04 22-56-31::com.automatics.packages.library.Android_Hybrid.click

2020-05-04 22-56-33::com.automatics.packages.library.Android_Hybrid.wait

2020-05-04 22-56-38::com.automatics.packages.library.Android_Hybrid.verify_ElementPresent
Closing Browser after testcase
Browser Closed
