
2020-05-04 22-42-50::com.automatics.packages.library.Utils.RunScript
[AutomaticsAPI - postJSONToAPI()] - Exception : no protocol: null/addTestRun
Could Not start TestCase Reporting A JSONObject text must begin with '{' at 1 [character 2 line 1]

2020-05-04 22-42-50::com.automatics.packages.library.Android_Hybrid.set_AndroidPreference

2020-05-04 22-42-50::com.automatics.packages.library.Android_Hybrid.set_AndroidPreference

2020-05-04 22-42-50::com.automatics.packages.library.Android_Hybrid.set_AndroidPreference

2020-05-04 22-42-51::com.automatics.packages.library.Android_Hybrid.wait

2020-05-04 22-43-01::com.automatics.packages.library.Android_Hybrid.launchApp

2020-05-04 22-44-07::com.automatics.packages.library.Android_Hybrid.wait

2020-05-04 22-44-12::com.automatics.packages.library.Android_Hybrid.click
Run Time
Error: java.lang.NullPointerException
	at com.automatics.packages.library.Android_Hybrid.screenShot(Android_Hybrid.java:3608)
	at com.automatics.packages.library.Android_Hybrid.click(Android_Hybrid.java:1452)
	at com.automatics.packages.testScripts.amazon.test(amazon.java:69)
	at sun.reflect.NativeMethodAccessorImpl.invoke0(Native Method)
	at sun.reflect.NativeMethodAccessorImpl.invoke(Unknown Source)
	at sun.reflect.DelegatingMethodAccessorImpl.invoke(Unknown Source)
	at java.lang.reflect.Method.invoke(Unknown Source)
	at org.testng.internal.MethodInvocationHelper.invokeMethod(MethodInvocationHelper.java:124)
	at org.testng.internal.Invoker.invokeMethod(Invoker.java:580)
	at org.testng.internal.Invoker.invokeTestMethod(Invoker.java:716)
	at org.testng.internal.Invoker.invokeTestMethods(Invoker.java:988)
	at org.testng.internal.TestMethodWorker.invokeTestMethods(TestMethodWorker.java:125)
	at org.testng.internal.TestMethodWorker.run(TestMethodWorker.java:109)
	at org.testng.TestRunner.privateRun(TestRunner.java:648)
	at org.testng.TestRunner.run(TestRunner.java:505)
	at org.testng.SuiteRunner.runTest(SuiteRunner.java:455)
	at org.testng.SuiteRunner.access$000(SuiteRunner.java:40)
	at org.testng.SuiteRunner$SuiteWorker.run(SuiteRunner.java:489)
	at org.testng.internal.thread.ThreadUtil$1.call(ThreadUtil.java:52)
	at java.util.concurrent.FutureTask.run(Unknown Source)
	at java.util.concurrent.ThreadPoolExecutor.runWorker(Unknown Source)
	at java.util.concurrent.ThreadPoolExecutor$Worker.run(Unknown Source)
	at java.lang.Thread.run(Unknown Source)
 -- false -- [Expected - True, Actual - False]
[AutomaticsAPI - postJSONToAPI()] - Exception : no protocol: null/addTestStep
Closing Browser after testcase
Could Not close Browser
