
2020-05-05 15-01-00::com.automatics.packages.library.Utils.RunScript

2020-05-05 15-01-00::com.automatics.packages.library.Android_Hybrid.set_AndroidPreference

2020-05-05 15-01-00::com.automatics.packages.library.Android_Hybrid.set_AndroidPreference

2020-05-05 15-01-00::com.automatics.packages.library.Android_Hybrid.set_AndroidPreference

2020-05-05 15-01-00::com.automatics.packages.library.Android_Hybrid.wait

2020-05-05 15-01-10::com.automatics.packages.library.Android_Hybrid.launchApp

2020-05-05 15-02-21::com.automatics.packages.library.Android_Hybrid.click

2020-05-05 15-02-24::com.automatics.packages.library.Android_Hybrid.type
Run Time
Error: org.openqa.selenium.WebDriverException: An unknown server-side error occurred while processing the command. Original error: Could not proxy command to remote server. Original error: Error: socket hang up
Build info: version: '3.8.1', revision: '6e95a6684b', time: '2017-12-01T19:05:32.194Z'
System info: host: 'INMUCHLP03121', ip: '192.168.42.143', os.name: 'Windows 10', os.arch: 'amd64', os.version: '10.0', java.version: '1.8.0_221'
Driver info: io.appium.java_client.android.AndroidDriver
Capabilities {appActivity: com.amazon.mShop.home.HomeA..., appPackage: com.amazon.mShop.android.sh..., chromedriverExecutable: D:\independent framework\au..., databaseEnabled: false, desired: {appActivity: com.amazon.mShop.home.HomeA..., appPackage: com.amazon.mShop.android.sh..., chromedriverExecutable: D:\independent framework\au..., deviceConnectIgnoreSession: true, deviceName: Android, newCommandTimeout: 100, platformName: android, udid: c93fcc08}, deviceApiLevel: 28, deviceConnectIgnoreSession: true, deviceManufacturer: Xiaomi, deviceModel: Redmi Note 5 Pro, deviceName: c93fcc08, deviceScreenDensity: 440, deviceScreenSize: 1080x2160, deviceUDID: c93fcc08, javascriptEnabled: true, locationContextEnabled: false, networkConnectionEnabled: true, newCommandTimeout: 100, pixelRatio: 2.75, platform: LINUX, platformName: LINUX, platformVersion: 9, statBarHeight: 66, takesScreenshot: true, udid: c93fcc08, viewportRect: {height: 1964, left: 0, top: 66, width: 1080}, warnings: {}, webStorageEnabled: false}
Session ID: 69bdfb15-6b8d-4944-b461-d22241e7d93d
	at sun.reflect.NativeConstructorAccessorImpl.newInstance0(Native Method)
	at sun.reflect.NativeConstructorAccessorImpl.newInstance(Unknown Source)
	at sun.reflect.DelegatingConstructorAccessorImpl.newInstance(Unknown Source)
	at java.lang.reflect.Constructor.newInstance(Unknown Source)
	at org.openqa.selenium.remote.http.W3CHttpResponseCodec.createException(W3CHttpResponseCodec.java:187)
	at org.openqa.selenium.remote.http.W3CHttpResponseCodec.decode(W3CHttpResponseCodec.java:122)
	at org.openqa.selenium.remote.http.W3CHttpResponseCodec.decode(W3CHttpResponseCodec.java:49)
	at org.openqa.selenium.remote.HttpCommandExecutor.execute(HttpCommandExecutor.java:164)
	at io.appium.java_client.remote.AppiumCommandExecutor.execute(AppiumCommandExecutor.java:129)
	at org.openqa.selenium.remote.RemoteWebDriver.execute(RemoteWebDriver.java:601)
	at io.appium.java_client.DefaultGenericMobileDriver.execute(DefaultGenericMobileDriver.java:46)
	at io.appium.java_client.AppiumDriver.execute(AppiumDriver.java:1)
	at io.appium.java_client.android.AndroidDriver.execute(AndroidDriver.java:1)
	at org.openqa.selenium.remote.RemoteWebDriver.getScreenshotAs(RemoteWebDriver.java:343)
	at com.automatics.packages.library.Android_Hybrid.screenShot(Android_Hybrid.java:3610)
	at com.automatics.packages.library.Android_Hybrid.type(Android_Hybrid.java:2196)
	at com.automatics.packages.testScripts.amazon.test(amazon.java:71)
	at sun.reflect.NativeMethodAccessorImpl.invoke0(Native Method)
	at sun.reflect.NativeMethodAccessorImpl.invoke(Unknown Source)
	at sun.reflect.DelegatingMethodAccessorImpl.invoke(Unknown Source)
	at java.lang.reflect.Method.invoke(Unknown Source)
	at org.testng.internal.MethodInvocationHelper.invokeMethod(MethodInvocationHelper.java:124)
	at org.testng.internal.Invoker.invokeMethod(Invoker.java:580)
	at org.testng.internal.Invoker.invokeTestMethod(Invoker.java:716)
	at org.testng.internal.Invoker.invokeTestMethods(Invoker.java:988)
	at org.testng.internal.TestMethodWorker.invokeTestMethods(TestMethodWorker.java:125)
	at org.testng.internal.TestMethodWorker.run(TestMethodWorker.java:109)
	at org.testng.TestRunner.privateRun(TestRunner.java:648)
	at org.testng.TestRunner.run(TestRunner.java:505)
	at org.testng.SuiteRunner.runTest(SuiteRunner.java:455)
	at org.testng.SuiteRunner.access$000(SuiteRunner.java:40)
	at org.testng.SuiteRunner$SuiteWorker.run(SuiteRunner.java:489)
	at org.testng.internal.thread.ThreadUtil$1.call(ThreadUtil.java:52)
	at java.util.concurrent.FutureTask.run(Unknown Source)
	at java.util.concurrent.ThreadPoolExecutor.runWorker(Unknown Source)
	at java.util.concurrent.ThreadPoolExecutor$Worker.run(Unknown Source)
	at java.lang.Thread.run(Unknown Source)
 -- false -- [Expected - True, Actual - False]
Closing Browser after testcase
Browser Closed
