
2020-05-05 15-23-35::com.automatics.packages.library.Utils.RunScript

2020-05-05 15-23-35::com.automatics.packages.library.Android_Hybrid.set_AndroidPreference

2020-05-05 15-23-35::com.automatics.packages.library.Android_Hybrid.set_AndroidPreference

2020-05-05 15-23-35::com.automatics.packages.library.Android_Hybrid.set_AndroidPreference

2020-05-05 15-23-35::com.automatics.packages.library.Android_Hybrid.wait

2020-05-05 15-23-45::com.automatics.packages.library.Android_Hybrid.launchApp

2020-05-05 15-25-01::com.automatics.packages.library.Android_Hybrid.click

2020-05-05 15-25-03::com.automatics.packages.library.Android_Hybrid.wait

2020-05-05 15-25-18::com.automatics.packages.library.Android_Hybrid.type

2020-05-05 15-25-19::com.automatics.packages.library.Android_Hybrid.native_HideKeyboard

2020-05-05 15-25-20::com.automatics.packages.library.Android_Hybrid.wait

2020-05-05 15-25-25::com.automatics.packages.library.Android_Hybrid.click

2020-05-05 15-25-27::com.automatics.packages.library.Android_Hybrid.type

2020-05-05 15-25-35::com.automatics.packages.library.Android_Hybrid.native_HideKeyboard

2020-05-05 15-25-35::com.automatics.packages.library.Android_Hybrid.click

2020-05-05 15-25-36::com.automatics.packages.library.Android_Hybrid.click

2020-05-05 15-25-52::com.automatics.packages.library.Android_Hybrid.wait

2020-05-05 15-26-00::com.automatics.packages.library.Android_Hybrid.wait

2020-05-05 15-26-07::com.automatics.packages.library.Android_Hybrid.wait

2020-05-05 15-26-21::com.automatics.packages.library.Android_Hybrid.wait

2020-05-05 15-26-34::com.automatics.packages.library.Android_Hybrid.click

2020-05-05 15-26-35::com.automatics.packages.library.Android_Hybrid.wait
