
2020-05-05 13-14-46::com.automatics.packages.library.Utils.RunScript

2020-05-05 13-14-54::com.automatics.packages.library.Android_Hybrid.set_AndroidPreference

2020-05-05 13-14-54::com.automatics.packages.library.Android_Hybrid.set_AndroidPreference

2020-05-05 13-14-54::com.automatics.packages.library.Android_Hybrid.set_AndroidPreference

2020-05-05 13-14-54::com.automatics.packages.library.Android_Hybrid.wait

2020-05-05 13-15-04::com.automatics.packages.library.Android_Hybrid.launchApp

2020-05-05 13-16-45::com.automatics.packages.library.Android_Hybrid.click

2020-05-05 13-17-04::com.automatics.packages.library.Android_Hybrid.type

2020-05-05 13-17-05::com.automatics.packages.library.Android_Hybrid.native_HideKeyboard

2020-05-05 13-17-06::com.automatics.packages.library.Android_Hybrid.click

2020-05-05 13-17-07::com.automatics.packages.library.Android_Hybrid.type

2020-05-05 13-17-11::com.automatics.packages.library.Android_Hybrid.native_HideKeyboard

2020-05-05 13-17-11::com.automatics.packages.library.Android_Hybrid.click

2020-05-05 13-17-13::com.automatics.packages.library.Android_Hybrid.click

2020-05-05 13-17-24::com.automatics.packages.library.Android_Hybrid.wait

2020-05-05 13-17-36::com.automatics.packages.library.Android_Hybrid.wait
Run Time
Error: org.openqa.selenium.WebDriverException: java.net.SocketException: Software caused connection abort: recv failed
Build info: version: '3.8.1', revision: '6e95a6684b', time: '2017-12-01T19:05:32.194Z'
System info: host: 'INMUCHLP03121', ip: '192.168.42.143', os.name: 'Windows 10', os.arch: 'amd64', os.version: '10.0', java.version: '1.8.0_221'
Driver info: driver.version: AndroidDriver
	at io.appium.java_client.remote.AppiumCommandExecutor.execute(AppiumCommandExecutor.java:144)
	at org.openqa.selenium.remote.RemoteWebDriver.execute(RemoteWebDriver.java:601)
	at io.appium.java_client.DefaultGenericMobileDriver.execute(DefaultGenericMobileDriver.java:42)
	at io.appium.java_client.AppiumDriver.execute(AppiumDriver.java:1)
	at io.appium.java_client.android.AndroidDriver.execute(AndroidDriver.java:1)
	at org.openqa.selenium.remote.RemoteWebDriver.findElement(RemoteWebDriver.java:371)
	at io.appium.java_client.DefaultGenericMobileDriver.findElement(DefaultGenericMobileDriver.java:62)
	at io.appium.java_client.AppiumDriver.findElement(AppiumDriver.java:1)
	at io.appium.java_client.android.AndroidDriver.findElement(AndroidDriver.java:1)
	at io.appium.java_client.FindsByAndroidUIAutomator.findElementByAndroidUIAutomator(FindsByAndroidUIAutomator.java:38)
	at io.appium.java_client.MobileBy$ByAndroidUIAutomator.findElement(MobileBy.java:236)
	at org.openqa.selenium.remote.RemoteWebDriver.findElement(RemoteWebDriver.java:363)
	at io.appium.java_client.DefaultGenericMobileDriver.findElement(DefaultGenericMobileDriver.java:58)
	at io.appium.java_client.AppiumDriver.findElement(AppiumDriver.java:1)
	at io.appium.java_client.android.AndroidDriver.findElement(AndroidDriver.java:1)
	at com.automatics.packages.library.Project_Specific.scrollintoview_Add_To_cart_click(Project_Specific.java:80)
	at com.automatics.packages.testScripts.amazon.test(amazon.java:87)
	at sun.reflect.NativeMethodAccessorImpl.invoke0(Native Method)
	at sun.reflect.NativeMethodAccessorImpl.invoke(Unknown Source)
	at sun.reflect.DelegatingMethodAccessorImpl.invoke(Unknown Source)
	at java.lang.reflect.Method.invoke(Unknown Source)
	at org.testng.internal.MethodInvocationHelper.invokeMethod(MethodInvocationHelper.java:124)
	at org.testng.internal.Invoker.invokeMethod(Invoker.java:580)
	at org.testng.internal.Invoker.invokeTestMethod(Invoker.java:716)
	at org.testng.internal.Invoker.invokeTestMethods(Invoker.java:988)
	at org.testng.internal.TestMethodWorker.invokeTestMethods(TestMethodWorker.java:125)
	at org.testng.internal.TestMethodWorker.run(TestMethodWorker.java:109)
	at org.testng.TestRunner.privateRun(TestRunner.java:648)
	at org.testng.TestRunner.run(TestRunner.java:505)
	at org.testng.SuiteRunner.runTest(SuiteRunner.java:455)
	at org.testng.SuiteRunner.access$000(SuiteRunner.java:40)
	at org.testng.SuiteRunner$SuiteWorker.run(SuiteRunner.java:489)
	at org.testng.internal.thread.ThreadUtil$1.call(ThreadUtil.java:52)
	at java.util.concurrent.FutureTask.run(Unknown Source)
	at java.util.concurrent.ThreadPoolExecutor.runWorker(Unknown Source)
	at java.util.concurrent.ThreadPoolExecutor$Worker.run(Unknown Source)
	at java.lang.Thread.run(Unknown Source)
Caused by: java.net.SocketException: Software caused connection abort: recv failed
	at java.net.SocketInputStream.socketRead0(Native Method)
	at java.net.SocketInputStream.socketRead(Unknown Source)
	at java.net.SocketInputStream.read(Unknown Source)
	at java.net.SocketInputStream.read(Unknown Source)
	at org.apache.http.impl.io.SessionInputBufferImpl.streamRead(SessionInputBufferImpl.java:137)
	at org.apache.http.impl.io.SessionInputBufferImpl.fillBuffer(SessionInputBufferImpl.java:153)
	at org.apache.http.impl.io.SessionInputBufferImpl.readLine(SessionInputBufferImpl.java:282)
	at org.apache.http.impl.conn.DefaultHttpResponseParser.parseHead(DefaultHttpResponseParser.java:138)
	at org.apache.http.impl.conn.DefaultHttpResponseParser.parseHead(DefaultHttpResponseParser.java:56)
	at org.apache.http.impl.io.AbstractMessageParser.parse(AbstractMessageParser.java:259)
	at org.apache.http.impl.DefaultBHttpClientConnection.receiveResponseHeader(DefaultBHttpClientConnection.java:163)
	at org.apache.http.impl.conn.CPoolProxy.receiveResponseHeader(CPoolProxy.java:165)
	at org.apache.http.protocol.HttpRequestExecutor.doReceiveResponse(HttpRequestExecutor.java:273)
	at org.apache.http.protocol.HttpRequestExecutor.execute(HttpRequestExecutor.java:125)
	at org.apache.http.impl.execchain.MainClientExec.execute(MainClientExec.java:272)
	at org.apache.http.impl.execchain.ProtocolExec.execute(ProtocolExec.java:185)
	at org.apache.http.impl.execchain.RetryExec.execute(RetryExec.java:89)
	at org.apache.http.impl.execchain.RedirectExec.execute(RedirectExec.java:111)
	at org.apache.http.impl.client.InternalHttpClient.doExecute(InternalHttpClient.java:185)
	at org.apache.http.impl.client.CloseableHttpClient.execute(CloseableHttpClient.java:72)
	at org.apache.http.impl.client.CloseableHttpClient.execute(CloseableHttpClient.java:56)
	at org.openqa.selenium.remote.internal.ApacheHttpClient.fallBackExecute(ApacheHttpClient.java:138)
	at org.openqa.selenium.remote.internal.ApacheHttpClient.execute(ApacheHttpClient.java:86)
	at org.openqa.selenium.remote.HttpCommandExecutor.execute(HttpCommandExecutor.java:161)
	at io.appium.java_client.remote.AppiumCommandExecutor.execute(AppiumCommandExecutor.java:129)
	... 36 more
 -- false -- [Expected - True, Actual - False]
Closing Browser after testcase
Browser Closed
