
2020-05-05 14-36-58::com.automatics.packages.library.Utils.RunScript

2020-05-05 14-36-58::com.automatics.packages.library.Android_Hybrid.set_AndroidPreference

2020-05-05 14-36-58::com.automatics.packages.library.Android_Hybrid.set_AndroidPreference

2020-05-05 14-36-58::com.automatics.packages.library.Android_Hybrid.set_AndroidPreference

2020-05-05 14-36-58::com.automatics.packages.library.Android_Hybrid.wait

2020-05-05 14-37-08::com.automatics.packages.library.Android_Hybrid.launchApp

2020-05-05 14-38-17::com.automatics.packages.library.Android_Hybrid.click

2020-05-05 14-39-26::com.automatics.packages.library.Android_Hybrid.type

2020-05-05 14-39-35::com.automatics.packages.library.Android_Hybrid.native_HideKeyboard

2020-05-05 14-39-38::com.automatics.packages.library.Android_Hybrid.click

2020-05-05 14-39-39::com.automatics.packages.library.Android_Hybrid.type

2020-05-05 14-40-34::com.automatics.packages.library.Android_Hybrid.native_HideKeyboard

2020-05-05 14-40-34::com.automatics.packages.library.Android_Hybrid.click

2020-05-05 14-40-35::com.automatics.packages.library.Android_Hybrid.click

2020-05-05 14-40-42::com.automatics.packages.library.Android_Hybrid.wait

2020-05-05 14-40-50::com.automatics.packages.library.Android_Hybrid.wait

2020-05-05 14-41-03::com.automatics.packages.library.Android_Hybrid.wait

2020-05-05 14-41-14::com.automatics.packages.library.Android_Hybrid.click

2020-05-05 14-41-15::com.automatics.packages.library.Android_Hybrid.wait
Closing Browser after testcase
Browser Closed
