
2020-05-02 23-25-25::com.automatics.packages.library.Utils.RunScript
Report Data posted Successfully

2020-05-02 23-25-26::com.automatics.packages.library.Android_Hybrid.set_AndroidPreference

2020-05-02 23-25-26::com.automatics.packages.library.Android_Hybrid.set_AndroidPreference

2020-05-02 23-25-26::com.automatics.packages.library.Android_Hybrid.set_AndroidPreference

2020-05-02 23-25-26::com.automatics.packages.library.Android_Hybrid.wait

2020-05-02 23-25-36::com.automatics.packages.library.Android_Hybrid.launchApp

2020-05-02 23-25-36::com.automatics.packages.library.Android_Hybrid.wait

2020-05-02 23-25-41::com.automatics.packages.library.Android_Hybrid.click
Run Time
Error: java.lang.NullPointerException
	at com.automatics.packages.library.Android_Hybrid.screenShot(Android_Hybrid.java:3608)
	at com.automatics.packages.library.Android_Hybrid.click(Android_Hybrid.java:1452)
	at com.automatics.packages.testScripts.amazon_assignment.test(amazon_assignment.java:66)
	at sun.reflect.NativeMethodAccessorImpl.invoke0(Native Method)
	at sun.reflect.NativeMethodAccessorImpl.invoke(Unknown Source)
	at sun.reflect.DelegatingMethodAccessorImpl.invoke(Unknown Source)
	at java.lang.reflect.Method.invoke(Unknown Source)
	at org.testng.internal.MethodInvocationHelper.invokeMethod(MethodInvocationHelper.java:124)
	at org.testng.internal.Invoker.invokeMethod(Invoker.java:580)
	at org.testng.internal.Invoker.invokeTestMethod(Invoker.java:716)
	at org.testng.internal.Invoker.invokeTestMethods(Invoker.java:988)
	at org.testng.internal.TestMethodWorker.invokeTestMethods(TestMethodWorker.java:125)
	at org.testng.internal.TestMethodWorker.run(TestMethodWorker.java:109)
	at org.testng.TestRunner.privateRun(TestRunner.java:648)
	at org.testng.TestRunner.run(TestRunner.java:505)
	at org.testng.SuiteRunner.runTest(SuiteRunner.java:455)
	at org.testng.SuiteRunner.access$000(SuiteRunner.java:40)
	at org.testng.SuiteRunner$SuiteWorker.run(SuiteRunner.java:489)
	at org.testng.internal.thread.ThreadUtil$1.call(ThreadUtil.java:52)
	at java.util.concurrent.FutureTask.run(Unknown Source)
	at java.util.concurrent.ThreadPoolExecutor.runWorker(Unknown Source)
	at java.util.concurrent.ThreadPoolExecutor$Worker.run(Unknown Source)
	at java.lang.Thread.run(Unknown Source)
 -- false -- [Expected - True, Actual - False]
Report Data posted Successfully
Closing Browser after testcase
Could Not close Browser
