
2020-05-05 15-34-11::com.automatics.packages.library.Utils.RunScript

2020-05-05 15-34-11::com.automatics.packages.library.Android_Hybrid.set_AndroidPreference

2020-05-05 15-34-11::com.automatics.packages.library.Android_Hybrid.set_AndroidPreference

2020-05-05 15-34-11::com.automatics.packages.library.Android_Hybrid.set_AndroidPreference

2020-05-05 15-34-11::com.automatics.packages.library.Android_Hybrid.wait

2020-05-05 15-34-21::com.automatics.packages.library.Android_Hybrid.launchApp

2020-05-05 15-35-52::com.automatics.packages.library.Android_Hybrid.click

2020-05-05 15-35-54::com.automatics.packages.library.Android_Hybrid.wait

2020-05-05 15-36-09::com.automatics.packages.library.Android_Hybrid.type

2020-05-05 15-36-10::com.automatics.packages.library.Android_Hybrid.native_HideKeyboard

2020-05-05 15-36-11::com.automatics.packages.library.Android_Hybrid.wait

2020-05-05 15-36-16::com.automatics.packages.library.Android_Hybrid.click

2020-05-05 15-36-17::com.automatics.packages.library.Android_Hybrid.type

2020-05-05 15-36-22::com.automatics.packages.library.Android_Hybrid.native_HideKeyboard

2020-05-05 15-36-22::com.automatics.packages.library.Android_Hybrid.click

2020-05-05 15-36-23::com.automatics.packages.library.Android_Hybrid.click

2020-05-05 15-36-31::com.automatics.packages.library.Android_Hybrid.wait

2020-05-05 15-36-39::com.automatics.packages.library.Android_Hybrid.wait

2020-05-05 15-36-44::com.automatics.packages.library.Android_Hybrid.wait

2020-05-05 15-36-59::com.automatics.packages.library.Android_Hybrid.wait

2020-05-05 15-37-13::com.automatics.packages.library.Android_Hybrid.click

2020-05-05 15-37-18::com.automatics.packages.library.Android_Hybrid.wait
Closing Browser after testcase
Browser Closed
