
2020-05-05 13-57-19::com.automatics.packages.library.Utils.RunScript

2020-05-05 13-57-22::com.automatics.packages.library.Android_Hybrid.set_AndroidPreference

2020-05-05 13-57-22::com.automatics.packages.library.Android_Hybrid.set_AndroidPreference

2020-05-05 13-57-22::com.automatics.packages.library.Android_Hybrid.set_AndroidPreference

2020-05-05 13-57-22::com.automatics.packages.library.Android_Hybrid.wait

2020-05-05 13-57-32::com.automatics.packages.library.Android_Hybrid.launchApp

2020-05-05 13-59-07::com.automatics.packages.library.Android_Hybrid.click

2020-05-05 13-59-12::com.automatics.packages.library.Android_Hybrid.type

2020-05-05 13-59-43::com.automatics.packages.library.Android_Hybrid.native_HideKeyboard

2020-05-05 13-59-49::com.automatics.packages.library.Android_Hybrid.click

2020-05-05 13-59-53::com.automatics.packages.library.Android_Hybrid.type

2020-05-05 13-59-55::com.automatics.packages.library.Android_Hybrid.native_HideKeyboard

2020-05-05 13-59-58::com.automatics.packages.library.Android_Hybrid.click

2020-05-05 14-00-07::com.automatics.packages.library.Android_Hybrid.click

2020-05-05 14-00-17::com.automatics.packages.library.Android_Hybrid.wait

2020-05-05 14-00-34::com.automatics.packages.library.Android_Hybrid.wait

2020-05-05 14-00-49::com.automatics.packages.library.Android_Hybrid.wait

2020-05-05 14-01-07::com.automatics.packages.library.Android_Hybrid.click

2020-05-05 14-01-10::com.automatics.packages.library.Android_Hybrid.wait
Closing Browser after testcase
Browser Closed
