
2020-05-05 13-29-31::com.automatics.packages.library.Utils.RunScript

2020-05-05 13-29-36::com.automatics.packages.library.Android_Hybrid.set_AndroidPreference

2020-05-05 13-29-36::com.automatics.packages.library.Android_Hybrid.set_AndroidPreference

2020-05-05 13-29-36::com.automatics.packages.library.Android_Hybrid.set_AndroidPreference

2020-05-05 13-29-36::com.automatics.packages.library.Android_Hybrid.wait

2020-05-05 13-29-46::com.automatics.packages.library.Android_Hybrid.launchApp

2020-05-05 13-31-09::com.automatics.packages.library.Android_Hybrid.click

2020-05-05 13-31-15::com.automatics.packages.library.Android_Hybrid.type

2020-05-05 13-31-17::com.automatics.packages.library.Android_Hybrid.native_HideKeyboard

2020-05-05 13-31-17::com.automatics.packages.library.Android_Hybrid.click

2020-05-05 13-31-19::com.automatics.packages.library.Android_Hybrid.type

2020-05-05 13-31-42::com.automatics.packages.library.Android_Hybrid.native_HideKeyboard

2020-05-05 13-31-42::com.automatics.packages.library.Android_Hybrid.click

2020-05-05 13-31-44::com.automatics.packages.library.Android_Hybrid.click

2020-05-05 13-31-58::com.automatics.packages.library.Android_Hybrid.wait

2020-05-05 13-32-25::com.automatics.packages.library.Android_Hybrid.wait

2020-05-05 13-32-48::com.automatics.packages.library.Android_Hybrid.click

2020-05-05 13-32-55::com.automatics.packages.library.Android_Hybrid.wait

2020-05-05 13-33-18::com.automatics.packages.library.Project_Specific.verify_ElementPresent
Run Time
Error: java.lang.ArrayIndexOutOfBoundsException: 1
	at com.automatics.packages.library.Utils$Helper.getBy(Utils.java:500)
	at com.automatics.packages.library.Project_Specific.verify_ElementPresent(Project_Specific.java:123)
	at com.automatics.packages.testScripts.amazon.test(amazon.java:91)
	at sun.reflect.NativeMethodAccessorImpl.invoke0(Native Method)
	at sun.reflect.NativeMethodAccessorImpl.invoke(Unknown Source)
	at sun.reflect.DelegatingMethodAccessorImpl.invoke(Unknown Source)
	at java.lang.reflect.Method.invoke(Unknown Source)
	at org.testng.internal.MethodInvocationHelper.invokeMethod(MethodInvocationHelper.java:124)
	at org.testng.internal.Invoker.invokeMethod(Invoker.java:580)
	at org.testng.internal.Invoker.invokeTestMethod(Invoker.java:716)
	at org.testng.internal.Invoker.invokeTestMethods(Invoker.java:988)
	at org.testng.internal.TestMethodWorker.invokeTestMethods(TestMethodWorker.java:125)
	at org.testng.internal.TestMethodWorker.run(TestMethodWorker.java:109)
	at org.testng.TestRunner.privateRun(TestRunner.java:648)
	at org.testng.TestRunner.run(TestRunner.java:505)
	at org.testng.SuiteRunner.runTest(SuiteRunner.java:455)
	at org.testng.SuiteRunner.access$000(SuiteRunner.java:40)
	at org.testng.SuiteRunner$SuiteWorker.run(SuiteRunner.java:489)
	at org.testng.internal.thread.ThreadUtil$1.call(ThreadUtil.java:52)
	at java.util.concurrent.FutureTask.run(Unknown Source)
	at java.util.concurrent.ThreadPoolExecutor.runWorker(Unknown Source)
	at java.util.concurrent.ThreadPoolExecutor$Worker.run(Unknown Source)
	at java.lang.Thread.run(Unknown Source)
 -- false -- [Expected - True, Actual - False]
Closing Browser after testcase
Browser Closed
